
> outfitme@1.0.0 web
> expo start --web

Starting project at /home/juanjo/GitHub/outfitme/app/client
Starting Metro Bundler
Starting Webpack on port 19006 in development mode.
ValidationError: Invalid configuration object. Webpack has been initialized using a configuration object that does not match the API schema.
 - configuration.entry should be a non-empty array.
   -> All modules are loaded upon startup. The last one is exported.
ValidationError: Invalid configuration object. Webpack has been initialized using a configuration object that does not match the API schema.
 - configuration.entry should be a non-empty array.
   -> All modules are loaded upon startup. The last one is exported.
    at validate (/home/juanjo/GitHub/outfitme/node_modules/webpack/node_modules/schema-utils/dist/validate.js:191:11)
    at validateSchema (/home/juanjo/GitHub/outfitme/node_modules/webpack/lib/validateSchema.js:78:2)
    at create (/home/juanjo/GitHub/outfitme/node_modules/webpack/lib/webpack.js:119:24)
    at webpack (/home/juanjo/GitHub/outfitme/node_modules/webpack/lib/webpack.js:167:32)
    at f (/home/juanjo/GitHub/outfitme/node_modules/webpack/lib/index.js:72:16)
    at WebpackBundlerDevServer.startImplementationAsync (/home/juanjo/GitHub/outfitme/node_modules/@expo/cli/build/src/start/server/webpack/WebpackBundlerDevServer.js:208:27)
    at async WebpackBundlerDevServer.startAsync (/home/juanjo/GitHub/outfitme/node_modules/@expo/cli/build/src/start/server/BundlerDevServer.js:89:24)
    at async DevServerManager.startAsync (/home/juanjo/GitHub/outfitme/node_modules/@expo/cli/build/src/start/server/DevServerManager.js:136:13)
    at async startAsync (/home/juanjo/GitHub/outfitme/node_modules/@expo/cli/build/src/start/startAsync.js:115:5)
npm ERR! Lifecycle script `web` failed with error: 
npm ERR! Error: command failed 
npm ERR!   in workspace: outfitme@1.0.0 
npm ERR!   at location: /home/juanjo/GitHub/outfitme/app/client 
